<?xml version="1.0" encoding="UTF-8"?>
<!-- Generated by org.testng.reporters.JUnitReportReporter -->
<testsuite hostname="yogesh" failures="0" tests="1" name="mavenproject1.project1.LaunchBrowser" time="1.470" errors="0" timestamp="2023-01-03T10:43:12 IST" skipped="0">
  <testcase classname="mavenproject1.project1.LaunchBrowser" name="launchChrome" time="1.470"/>
  <system-out/>
</testsuite> <!-- mavenproject1.project1.LaunchBrowser -->
